<?xml version="1.0" encoding="UTF-8"?>
<testng-results ignored="0" total="5" passed="5" failed="0" skipped="0">
  <reporter-output>
  </reporter-output>
  <suite started-at="2022-01-12T21:40:22 IST" name="Default suite" finished-at="2022-01-12T21:40:22 IST" duration-ms="104">
    <groups>
    </groups>
    <test started-at="2022-01-12T21:40:22 IST" name="Default test" finished-at="2022-01-12T21:40:22 IST" duration-ms="104">
      <class name="raj.EX1Priority">
        <test-method signature="Order()[pri:0, instance:raj.EX1Priority@1b11171f]" started-at="2022-01-12T21:40:22 IST" name="Order" finished-at="2022-01-12T21:40:22 IST" duration-ms="15" status="PASS">
          <reporter-output>
          </reporter-output>
        </test-method> <!-- Order -->
        <test-method signature="Order3()[pri:1, instance:raj.EX1Priority@1b11171f]" started-at="2022-01-12T21:40:22 IST" name="Order3" finished-at="2022-01-12T21:40:22 IST" duration-ms="2" status="PASS">
          <reporter-output>
          </reporter-output>
        </test-method> <!-- Order3 -->
        <test-method signature="Order1()[pri:2, instance:raj.EX1Priority@1b11171f]" started-at="2022-01-12T21:40:22 IST" name="Order1" finished-at="2022-01-12T21:40:22 IST" duration-ms="2" status="PASS">
          <reporter-output>
          </reporter-output>
        </test-method> <!-- Order1 -->
        <test-method signature="test1()[pri:3, instance:raj.EX1Priority@1b11171f]" started-at="2022-01-12T21:40:22 IST" name="test1" finished-at="2022-01-12T21:40:22 IST" duration-ms="2" status="PASS">
          <reporter-output>
          </reporter-output>
        </test-method> <!-- test1 -->
        <test-method signature="Apple()[pri:4, instance:raj.EX1Priority@1b11171f]" started-at="2022-01-12T21:40:22 IST" name="Apple" finished-at="2022-01-12T21:40:22 IST" duration-ms="1" status="PASS">
          <reporter-output>
          </reporter-output>
        </test-method> <!-- Apple -->
      </class> <!-- raj.EX1Priority -->
    </test> <!-- Default test -->
  </suite> <!-- Default suite -->
</testng-results>
