<?xml version="1.0" encoding="UTF-8"?>
<!-- Generated by org.testng.reporters.JUnitXMLReporter -->
<testsuite ignored="0" hostname="5CG1373SWW" failures="0" tests="3" name="FirefoxTest" time="70.366" errors="0" timestamp="2022-01-19T18:26:14 IST">
  <testcase classname="Testcases.Sample31" name="Testing1" time="0.693"/>
  <testcase classname="Testcases.Testcase1scroll" name="scrollTest" time="0.499"/>
  <testcase classname="Testcases.Testcase3dropdown" name="Testing1" time="3.328"/>
</testsuite> <!-- FirefoxTest -->
