<?xml version="1.0" encoding="UTF-8"?>
<!-- Generated by org.testng.reporters.JUnitXMLReporter -->
<testsuite ignored="0" hostname="5CG1373SWW" failures="0" tests="5" name="Default test" time="0.104" errors="0" timestamp="2022-01-12T21:40:22 IST">
  <testcase classname="raj.EX1Priority" name="Order" time="0.015"/>
  <testcase classname="raj.EX1Priority" name="Order3" time="0.002"/>
  <testcase classname="raj.EX1Priority" name="Order1" time="0.002"/>
  <testcase classname="raj.EX1Priority" name="test1" time="0.002"/>
  <testcase classname="raj.EX1Priority" name="Apple" time="0.001"/>
</testsuite> <!-- Default test -->
